<?xml version="1.0" encoding="UTF-8" ?>
<testsuite tests="1" failures="0" name="msqueue.LinearizabilityTest" time="0.15" errors="1" skipped="0">
  <properties>
[...]
</properties>
  <testcase classname="msqueue.LinearizabilityTest" name="test" time="0.15">
    <error message="java.util.concurrent.ExecutionException: java.lang.NullPointerException" type="java.lang.IllegalStateException">java.lang.IllegalStateException: java.util.concurrent.ExecutionException: java.lang.NullPointerException
	at org.jetbrains.kotlinx.lincheck.runner.ParallelThreadsRunner$run$parallelResults$1$1.invoke(ParallelThreadsRunner.kt:165)
	at org.jetbrains.kotlinx.lincheck.runner.ParallelThreadsRunner$run$parallelResults$1$1.invoke(ParallelThreadsRunner.kt:43)
	at org.jetbrains.kotlinx.lincheck.UtilsKt.catch(Utils.kt:156)
	at org.jetbrains.kotlinx.lincheck.runner.ParallelThreadsRunner.run(ParallelThreadsRunner.kt:164)
	at org.jetbrains.kotlinx.lincheck.strategy.stress.StressStrategy.run(StressStrategy.java:90)
	at org.jetbrains.kotlinx.lincheck.LinChecker.runScenario(LinChecker.java:168)
	at org.jetbrains.kotlinx.lincheck.LinChecker.minimizeNewScenarioAttempt(LinChecker.java:143)
	at org.jetbrains.kotlinx.lincheck.LinChecker.minimizeScenario(LinChecker.java:125)
	at org.jetbrains.kotlinx.lincheck.LinChecker.checkImpl(LinChecker.java:106)
	at org.jetbrains.kotlinx.lincheck.LinChecker.lambda$check$0(LinChecker.java:86)
	at java.base/java.util.ArrayList.forEach(ArrayList.java:1540)
	at org.jetbrains.kotlinx.lincheck.LinChecker.check(LinChecker.java:84)
	at org.jetbrains.kotlinx.lincheck.LinChecker.check(LinChecker.java:74)
	at org.jetbrains.kotlinx.lincheck.LinChecker.check(LinChecker.java:63)
	at msqueue.LinearizabilityTest.test(LinearizabilityTest.java:29)
	at java.base/jdk.internal.reflect.NativeMethodAccessorImpl.invoke0(Native Method)
	at java.base/jdk.internal.reflect.NativeMethodAccessorImpl.invoke(NativeMethodAccessorImpl.java:62)
	at java.base/jdk.internal.reflect.DelegatingMethodAccessorImpl.invoke(DelegatingMethodAccessorImpl.java:43)
	at java.base/java.lang.reflect.Method.invoke(Method.java:566)
	at org.junit.runners.model.FrameworkMethod$1.runReflectiveCall(FrameworkMethod.java:50)
	at org.junit.internal.runners.model.ReflectiveCallable.run(ReflectiveCallable.java:12)
	at org.junit.runners.model.FrameworkMethod.invokeExplosively(FrameworkMethod.java:47)
	at org.junit.internal.runners.statements.InvokeMethod.evaluate(InvokeMethod.java:17)
	at org.junit.runners.ParentRunner.runLeaf(ParentRunner.java:325)
	at org.junit.runners.BlockJUnit4ClassRunner.runChild(BlockJUnit4ClassRunner.java:78)
	at org.junit.runners.BlockJUnit4ClassRunner.runChild(BlockJUnit4ClassRunner.java:57)
	at org.junit.runners.ParentRunner$3.run(ParentRunner.java:290)
	at org.junit.runners.ParentRunner$1.schedule(ParentRunner.java:71)
	at org.junit.runners.ParentRunner.runChildren(ParentRunner.java:288)
	at org.junit.runners.ParentRunner.access$000(ParentRunner.java:58)
	at org.junit.runners.ParentRunner$2.evaluate(ParentRunner.java:268)
	at org.junit.runners.ParentRunner.run(ParentRunner.java:363)
	at org.apache.maven.surefire.junit4.JUnit4Provider.execute(JUnit4Provider.java:252)
	at org.apache.maven.surefire.junit4.JUnit4Provider.executeTestSet(JUnit4Provider.java:141)
	at org.apache.maven.surefire.junit4.JUnit4Provider.invoke(JUnit4Provider.java:112)
	at java.base/jdk.internal.reflect.NativeMethodAccessorImpl.invoke0(Native Method)
	at java.base/jdk.internal.reflect.NativeMethodAccessorImpl.invoke(NativeMethodAccessorImpl.java:62)
	at java.base/jdk.internal.reflect.DelegatingMethodAccessorImpl.invoke(DelegatingMethodAccessorImpl.java:43)
	at java.base/java.lang.reflect.Method.invoke(Method.java:566)
	at org.apache.maven.surefire.util.ReflectionUtils.invokeMethodWithArray(ReflectionUtils.java:189)
	at org.apache.maven.surefire.booter.ProviderFactory$ProviderProxy.invoke(ProviderFactory.java:165)
	at org.apache.maven.surefire.booter.ProviderFactory.invokeProvider(ProviderFactory.java:85)
	at org.apache.maven.surefire.booter.ForkedBooter.runSuitesInProcess(ForkedBooter.java:115)
	at org.apache.maven.surefire.booter.ForkedBooter.main(ForkedBooter.java:75)
Caused by: java.util.concurrent.ExecutionException: java.lang.NullPointerException
	at java.base/java.util.concurrent.FutureTask.report(FutureTask.java:122)
	at java.base/java.util.concurrent.FutureTask.get(FutureTask.java:191)
	at org.jetbrains.kotlinx.lincheck.runner.ParallelThreadsRunner.run(ParallelThreadsRunner.kt:162)
	... 40 more
Caused by: java.lang.NullPointerException
	at msqueue.MSQueue.dequeue(MSQueue.java:23)
	at msqueue.LinearizabilityTest.dequeue(LinearizabilityTest.java:24)
	at org.jetbrains.kotlinx.lincheck.runner.TestThreadExecution2.call(Unknown Source)
	at org.jetbrains.kotlinx.lincheck.runner.TestThreadExecution.call(TestThreadExecution.java:34)
	at java.base/java.util.concurrent.FutureTask.run(FutureTask.java:264)
	at java.base/java.util.concurrent.ThreadPoolExecutor.runWorker(ThreadPoolExecutor.java:1128)
	at java.base/java.util.concurrent.ThreadPoolExecutor$Worker.run(ThreadPoolExecutor.java:628)
	at java.base/java.lang.Thread.run(Thread.java:834)
</error>
  </testcase>
</testsuite>